<?xml version="1.0" encoding="UTF-8"?>
<!-- Generated by org.testng.reporters.JUnitReportReporter -->
<testsuite hostname="DESKTOP-TNE1F6C" failures="0" tests="1" name="appium.demo.LoginPageTest" time="13.521" errors="0" timestamp="15 Feb 2020 15:33:24 GMT" skipped="0">
  <testcase classname="appium.demo.LoginPageTest" name="JustLogin" time="13.521"/>
</testsuite> <!-- appium.demo.LoginPageTest -->
