<?xml version="1.0" encoding="UTF-8"?>
<!-- Generated by org.testng.reporters.JUnitReportReporter -->
<testsuite hostname="DESKTOP-TNE1F6C" failures="0" tests="1" name="appium.demo.APPTest" time="38.154" errors="0" timestamp="12 Mar 2020 10:49:54 GMT" skipped="0">
  <testcase classname="appium.demo.APPTest" name="JustLogin" time="38.154"/>
</testsuite> <!-- appium.demo.APPTest -->
