<?xml version="1.0" encoding="UTF-8"?>
<!-- Generated by org.testng.reporters.JUnitReportReporter -->
<testsuite hostname="DESKTOP-TNE1F6C" failures="0" tests="1" name="appium.demo.HelloAppium" time="16.589" errors="0" timestamp="14 Feb 2020 13:51:36 GMT" skipped="0">
  <testcase classname="appium.demo.HelloAppium" name="OpenApplication" time="16.589"/>
</testsuite> <!-- appium.demo.HelloAppium -->
